  pch.cpp
  ADOS.cpp
  AKinect_Monitoring.cpp
  axismediacontrol.cpp
  Azure_kinect.cpp
C:\work\KIRO0508\KIRO0508\KIRO\Azure_kinect.cpp(92,49): warning C4267: '초기화 중': 'size_t'에서 'char'(으)로 변환하면서 데이터가 손실될 수 있습니다.
  BDV.cpp
  KIRO.cpp
  KIRODlg.cpp
C:\work\KIRO0508\KIRO0508\KIRO\KIRODlg.cpp(69,27): warning C4101: 'e' :참조되지 않은 지역 변수입니다.
C:\work\KIRO0508\KIRO0508\KIRO\KIRODlg.cpp(184,27): warning C4101: 'e' :참조되지 않은 지역 변수입니다.
  mkv_controller.cpp
C:\work\KIRO0508\KIRO0508\KIRO\mkv_controller.cpp(199,75): warning C4244: '=': '_Rep'에서 'int'(으)로 변환하면서 데이터가 손실될 수 있습니다.
          with
          [
              _Rep=__int64
          ]
  Monitoring.cpp
  Patient_Info.cpp
  pa_ringbuffer.c
  pa_win_util.c
  TabDlg1.cpp
  TabDlg2.cpp
  VideoTag.cpp
  VideoTagging.cpp
C:\work\KIRO0508\KIRO0508\KIRO\VideoTagging.cpp(514,41): warning C4267: '초기화 중': 'size_t'에서 'int'(으)로 변환하면서 데이터가 손실될 수 있습니다.
C:\work\KIRO0508\KIRO0508\KIRO\VideoTagging.cpp(1104,28): warning C4101: 'e' :참조되지 않은 지역 변수입니다.
  XLAutomation.cpp
  XLEzAutomation.cpp
  코드를 생성하고 있습니다...
C:\work\KIRO0508\KIRO0508\KIRO\Azure_kinect.cpp(151): warning C4715: 'Kinect::Azure_Kinect::Kinect_Start': 모든 제어 경로에서 값을 반환하지는 않습니다.
  KIRO.vcxproj -> C:\work\KIRO0508\KIRO0508\x64\Debug\KIRO.exe
