c:\work\kiro0508\kiro0508\kiro\x64\debug\kiro.pch
c:\work\kiro0508\kiro0508\kiro\x64\debug\vc142.pdb
c:\work\kiro0508\kiro0508\kiro\x64\debug\vc142.idb
c:\work\kiro0508\kiro0508\kiro\x64\debug\pch.obj
c:\work\kiro0508\kiro0508\kiro\x64\debug\xlezautomation.obj
c:\work\kiro0508\kiro0508\kiro\x64\debug\xlautomation.obj
c:\work\kiro0508\kiro0508\kiro\x64\debug\videotagging.obj
c:\work\kiro0508\kiro0508\kiro\x64\debug\videotag.obj
c:\work\kiro0508\kiro0508\kiro\x64\debug\tabdlg2.obj
c:\work\kiro0508\kiro0508\kiro\x64\debug\tabdlg1.obj
c:\work\kiro0508\kiro0508\kiro\x64\debug\pa_win_util.obj
c:\work\kiro0508\kiro0508\kiro\x64\debug\pa_ringbuffer.obj
c:\work\kiro0508\kiro0508\kiro\x64\debug\patient_info.obj
c:\work\kiro0508\kiro0508\kiro\x64\debug\monitoring.obj
c:\work\kiro0508\kiro0508\kiro\x64\debug\mkv_controller.obj
c:\work\kiro0508\kiro0508\kiro\x64\debug\kirodlg.obj
c:\work\kiro0508\kiro0508\kiro\x64\debug\kiro.obj
c:\work\kiro0508\kiro0508\kiro\x64\debug\bdv.obj
c:\work\kiro0508\kiro0508\kiro\x64\debug\azure_kinect.obj
c:\work\kiro0508\kiro0508\kiro\x64\debug\axismediacontrol.obj
c:\work\kiro0508\kiro0508\kiro\x64\debug\akinect_monitoring.obj
c:\work\kiro0508\kiro0508\kiro\x64\debug\ados.obj
c:\work\kiro0508\kiro0508\kiro\x64\debug\kiro.ilk
c:\work\kiro0508\kiro0508\x64\debug\kiro.exe
c:\work\kiro0508\kiro0508\x64\debug\kiro.pdb
c:\work\kiro0508\kiro0508\kiro\x64\debug\kiro.res
c:\work\kiro0508\kiro0508\kiro\x64\debug\kiro.tlog\cl.command.1.tlog
c:\work\kiro0508\kiro0508\kiro\x64\debug\kiro.tlog\cl.read.1.tlog
c:\work\kiro0508\kiro0508\kiro\x64\debug\kiro.tlog\cl.write.1.tlog
c:\work\kiro0508\kiro0508\kiro\x64\debug\kiro.tlog\link.command.1.tlog
c:\work\kiro0508\kiro0508\kiro\x64\debug\kiro.tlog\link.read.1.tlog
c:\work\kiro0508\kiro0508\kiro\x64\debug\kiro.tlog\link.write.1.tlog
c:\work\kiro0508\kiro0508\kiro\x64\debug\kiro.tlog\rc.command.1.tlog
c:\work\kiro0508\kiro0508\kiro\x64\debug\kiro.tlog\rc.read.1.tlog
c:\work\kiro0508\kiro0508\kiro\x64\debug\kiro.tlog\rc.write.1.tlog
